<?xml version="1.0" encoding="UTF-8"?>
<!-- Generated by org.testng.reporters.JUnitReportReporter -->
<testsuite name="PageTest.Ptest" tests="1" time="19.855" ignored="0" failures="0" timestamp="08 May 2018 08:33:40 GMT" skipped="0" hostname="Shivanshu" errors="0">
  <testcase name="runner" time="19.855" classname="PageTest.Ptest"/>
</testsuite> <!-- PageTest.Ptest -->
